<?xml version="1.0" encoding="UTF-8"?>
<!-- Generated by org.testng.reporters.JUnitReportReporter -->
<testsuite hostname="DESKTOP-9JM1A7T" failures="0" tests="3" name="TestRunner.TestRunnerForTags" time="0.183" errors="0" timestamp="2024-07-06T13:15:55 IST" skipped="0">
  <testcase classname="TestRunner.TestRunnerForTags" name="runScenario" time="0.008"/>
  <testcase classname="TestRunner.TestRunnerForTags" name="runScenario" time="0.164"/>
  <testcase classname="TestRunner.TestRunnerForTags" name="runScenario" time="0.011"/>
</testsuite> <!-- TestRunner.TestRunnerForTags -->
