<?xml version="1.0" encoding="UTF-8"?>
<!-- Generated by org.testng.reporters.JUnitReportReporter -->
<testsuite hostname="DESKTOP-9JM1A7T" failures="0" tests="1" name="TestRunner.SauceDemoTestRunner" time="11.260" errors="0" timestamp="2024-07-06T13:11:53 IST" skipped="0">
  <testcase classname="TestRunner.SauceDemoTestRunner" name="runScenario" time="11.260"/>
</testsuite> <!-- TestRunner.SauceDemoTestRunner -->
